<?xml version="1.0" encoding="UTF-8"?>
<testsuite xmlns:xsi="http://www.w3.org/2001/XMLSchema-instance" xsi:noNamespaceSchemaLocation="https://maven.apache.org/surefire/maven-surefire-plugin/xsd/surefire-test-report-3.0.xsd" version="3.0" name="com.github.minikafka.clients.integration.ProducerConsumerIntegrationTest" time="4.834" tests="2" errors="0" skipped="0" failures="0">
  <properties>
[...]
</properties>
  <testcase name="testRebalanceWithMultipleConsumers" classname="com.github.minikafka.clients.integration.ProducerConsumerIntegrationTest" time="3.039">
    <system-out><![CDATA[11:51:42.724 [main] INFO  c.g.minikafka.server.KafkaServer - Starting KafkaServer on port 19093
11:51:42.733 [main] INFO  c.g.m.server.network.SocketServer - SocketServer started
11:51:42.733 [kafka-acceptor] INFO  c.g.m.server.network.Acceptor - Acceptor listening on port 19093
11:51:42.733 [main] INFO  c.g.minikafka.server.KafkaServer - KafkaServer started successfully
11:51:43.043 [main] INFO  c.g.minikafka.server.log.LogManager - Created new log for test-topic-0
11:51:43.043 [main] INFO  c.g.minikafka.server.log.LogManager - Created new log for test-topic-1
11:51:43.043 [main] INFO  c.g.m.s.controller.KafkaController - Created topic test-topic with 2 partitions
11:51:43.044 [main] INFO  c.g.minikafka.server.log.LogManager - Created new log for group-topic-0
11:51:43.044 [main] INFO  c.g.minikafka.server.log.LogManager - Created new log for group-topic-1
11:51:43.045 [main] INFO  c.g.minikafka.server.log.LogManager - Created new log for group-topic-2
11:51:43.045 [main] INFO  c.g.m.s.controller.KafkaController - Created topic group-topic with 3 partitions
11:51:43.155 [main] INFO  c.g.m.clients.network.NetworkClient - Connected to localhost:19093
11:51:43.157 [main] INFO  c.g.m.clients.network.NetworkClient - Connected to localhost:19093
11:51:43.765 [main] INFO  c.g.m.c.consumer.ConsumerCoordinator - Joining group rebalance-group, memberId=
11:51:43.768 [kafka-request-handler-958322639065666] INFO  c.g.m.s.coordinator.GroupCoordinator - Member client-1 joined group rebalance-group, generation=1
11:51:44.068 [main] INFO  c.g.m.c.consumer.ConsumerCoordinator - Joined group rebalance-group, memberId=client-1, generation=1, leader=client-1
11:51:44.069 [kafka-request-handler-958322941327916] INFO  c.g.m.s.coordinator.GroupCoordinator - Group rebalance-group stabilized at generation 1
11:51:44.370 [main] INFO  c.g.m.c.consumer.ConsumerCoordinator - SyncGroup complete, assigned: [group-topic-0, group-topic-1, group-topic-2]
11:51:44.677 [main] INFO  c.g.m.c.consumer.ConsumerCoordinator - Joining group rebalance-group, memberId=
11:51:44.679 [kafka-request-handler-958323550855916] INFO  c.g.m.s.coordinator.GroupCoordinator - Member client-2 joined group rebalance-group, generation=2
11:51:44.980 [main] INFO  c.g.m.c.consumer.ConsumerCoordinator - Joined group rebalance-group, memberId=client-2, generation=2, leader=client-1
11:51:45.282 [main] INFO  c.g.m.c.consumer.ConsumerCoordinator - SyncGroup complete, assigned: [group-topic-0, group-topic-1, group-topic-2]
11:51:45.585 [kafka-request-handler-958322032856291] INFO  c.g.m.s.coordinator.GroupCoordinator - Member client-2 left group rebalance-group
11:51:45.887 [main] INFO  c.g.m.clients.consumer.KafkaConsumer - KafkaConsumer closed
11:51:45.888 [kafka-request-handler-958322335278625] INFO  c.g.m.s.coordinator.GroupCoordinator - Member client-1 left group rebalance-group
11:51:46.189 [main] INFO  c.g.m.clients.consumer.KafkaConsumer - KafkaConsumer closed
]]></system-out>
  </testcase>
  <testcase name="testProduceAndConsume" classname="com.github.minikafka.clients.integration.ProducerConsumerIntegrationTest" time="1.21">
    <system-out><![CDATA[11:51:46.191 [main] INFO  c.g.m.clients.network.NetworkClient - Connected to localhost:19093
11:51:47.397 [main] INFO  c.g.m.clients.producer.KafkaProducer - KafkaProducer closed
11:51:47.397 [main] INFO  c.g.m.clients.network.NetworkClient - Connected to localhost:19093
11:51:47.398 [main] INFO  c.g.m.c.consumer.ConsumerCoordinator - Joining group test-group, memberId=
11:51:47.398 [kafka-request-handler-958324156047291] INFO  c.g.m.s.coordinator.GroupCoordinator - Member client-3 joined group test-group, generation=1
11:51:47.398 [main] INFO  c.g.m.c.consumer.ConsumerCoordinator - Joined group test-group, memberId=client-3, generation=1, leader=client-3
11:51:47.399 [kafka-request-handler-958322032856291] INFO  c.g.m.s.coordinator.GroupCoordinator - Group test-group stabilized at generation 1
11:51:47.399 [main] INFO  c.g.m.c.consumer.ConsumerCoordinator - SyncGroup complete, assigned: [test-topic-0, test-topic-1]
11:51:47.400 [kafka-request-handler-958322941327916] INFO  c.g.m.s.coordinator.GroupCoordinator - Member client-3 left group test-group
11:51:47.400 [main] INFO  c.g.m.clients.consumer.KafkaConsumer - KafkaConsumer closed
]]></system-out>
  </testcase>
</testsuite>