<?xml version="1.0" encoding="UTF-8"?>
<testsuite xmlns:xsi="http://www.w3.org/2001/XMLSchema-instance" xsi:noNamespaceSchemaLocation="https://maven.apache.org/surefire/maven-surefire-plugin/xsd/surefire-test-report-3.0.xsd" version="3.0" name="com.github.minikafka.clients.integration.ProducerConsumerIntegrationTest" time="5.526" tests="2" errors="0" skipped="0" failures="0">
  <properties>
[...]
</properties>
  <testcase name="testRebalanceWithMultipleConsumers" classname="com.github.minikafka.clients.integration.ProducerConsumerIntegrationTest" time="3.663">
    <system-out><![CDATA[13:11:06.995 [main] INFO  c.g.minikafka.server.KafkaServer - Starting KafkaServer on port 19093
13:11:07.016 [main] INFO  c.g.m.server.network.SocketServer - SocketServer started
13:11:07.016 [kafka-acceptor] INFO  c.g.m.server.network.Acceptor - Acceptor listening on port 19093
13:11:07.017 [main] INFO  c.g.minikafka.server.KafkaServer - KafkaServer started successfully
13:11:07.328 [main] INFO  c.g.minikafka.server.log.LogManager - Created new log for test-topic-0
13:11:07.329 [main] INFO  c.g.minikafka.server.log.LogManager - Created new log for test-topic-1
13:11:07.329 [main] INFO  c.g.m.s.controller.KafkaController - Created topic test-topic with 2 partitions
13:11:07.330 [main] INFO  c.g.minikafka.server.log.LogManager - Created new log for group-topic-0
13:11:07.330 [main] INFO  c.g.minikafka.server.log.LogManager - Created new log for group-topic-1
13:11:07.330 [main] INFO  c.g.minikafka.server.log.LogManager - Created new log for group-topic-2
13:11:07.330 [main] INFO  c.g.m.s.controller.KafkaController - Created topic group-topic with 3 partitions
13:11:07.438 [main] INFO  c.g.m.clients.network.NetworkClient - Connected to localhost:19093
13:11:07.440 [main] INFO  c.g.m.clients.network.NetworkClient - Connected to localhost:19093
13:11:08.052 [main] INFO  c.g.m.c.consumer.ConsumerCoordinator - Joining group rebalance-group, memberId=
13:11:08.059 [kafka-request-handler-963086904805750] INFO  c.g.m.s.coordinator.GroupCoordinator - Member client-1 joined group rebalance-group, generation=1
13:11:08.354 [main] INFO  c.g.m.c.consumer.ConsumerCoordinator - Joined group rebalance-group, memberId=client-1, generation=1, leader=client-1
13:11:08.355 [kafka-request-handler-963087206661333] INFO  c.g.m.s.coordinator.GroupCoordinator - Group rebalance-group stabilized at generation 1
13:11:08.656 [main] INFO  c.g.m.c.consumer.ConsumerCoordinator - SyncGroup complete, assigned: [group-topic-0, group-topic-1, group-topic-2]
13:11:08.959 [main] INFO  c.g.m.c.consumer.ConsumerCoordinator - Joining group rebalance-group, memberId=
13:11:08.960 [kafka-request-handler-963087811736708] INFO  c.g.m.s.coordinator.GroupCoordinator - Member client-2 joined group rebalance-group, generation=2
13:11:09.562 [main] INFO  c.g.m.c.consumer.ConsumerCoordinator - Joined group rebalance-group, memberId=client-2, generation=2, leader=client-1
13:11:09.865 [main] INFO  c.g.m.c.consumer.ConsumerCoordinator - SyncGroup complete, assigned: [group-topic-0, group-topic-1, group-topic-2]
13:11:10.173 [kafka-request-handler-963086294094583] INFO  c.g.m.s.coordinator.GroupCoordinator - Member client-2 left group rebalance-group
13:11:10.474 [main] INFO  c.g.m.clients.consumer.KafkaConsumer - KafkaConsumer closed
13:11:10.476 [kafka-request-handler-963086596222166] INFO  c.g.m.s.coordinator.GroupCoordinator - Member client-1 left group rebalance-group
13:11:11.081 [main] INFO  c.g.m.clients.consumer.KafkaConsumer - KafkaConsumer closed
]]></system-out>
  </testcase>
  <testcase name="testProduceAndConsume" classname="com.github.minikafka.clients.integration.ProducerConsumerIntegrationTest" time="1.238">
    <system-out><![CDATA[13:11:11.100 [main] INFO  c.g.m.clients.network.NetworkClient - Connected to localhost:19093
13:11:12.325 [main] INFO  c.g.m.clients.producer.KafkaProducer - KafkaProducer closed
13:11:12.326 [main] INFO  c.g.m.clients.network.NetworkClient - Connected to localhost:19093
13:11:12.327 [main] INFO  c.g.m.c.consumer.ConsumerCoordinator - Joining group test-group, memberId=
13:11:12.328 [kafka-request-handler-963088718633166] INFO  c.g.m.s.coordinator.GroupCoordinator - Member client-3 joined group test-group, generation=1
13:11:12.328 [main] INFO  c.g.m.c.consumer.ConsumerCoordinator - Joined group test-group, memberId=client-3, generation=1, leader=client-3
13:11:12.328 [kafka-request-handler-963086294094583] INFO  c.g.m.s.coordinator.GroupCoordinator - Group test-group stabilized at generation 1
13:11:12.329 [main] INFO  c.g.m.c.consumer.ConsumerCoordinator - SyncGroup complete, assigned: [test-topic-0, test-topic-1]
13:11:12.334 [kafka-request-handler-963087206661333] INFO  c.g.m.s.coordinator.GroupCoordinator - Member client-3 left group test-group
13:11:12.335 [main] INFO  c.g.m.clients.consumer.KafkaConsumer - KafkaConsumer closed
]]></system-out>
  </testcase>
</testsuite>